<?xml version="1.0" encoding="UTF-8"?>
<testsuite name="com.pubmatic.crawler.service.CrawlerServiceImplTest" tests="0" skipped="0" failures="0" errors="0" timestamp="1970-01-01T00:00:00" hostname="FF-Admins-MacBook-Pro.local" time="0.0">
  <properties/>
  <system-out><![CDATA[[2020-10-22 10:47:06,430] [Test worker] [INFO] [org.springframework.test.context.support.AbstractContextLoader] [serviceName:web-crawlermatic-service] => Could not detect default resource locations for test class [com.pubmatic.crawler.service.CrawlerServiceImplTest]: no resource found for suffixes {-context.xml, Context.groovy}.
[2020-10-22 10:47:06,445] [Test worker] [INFO] [org.springframework.boot.test.context.SpringBootTestContextBootstrapper] [serviceName:web-crawlermatic-service] => Loaded default TestExecutionListener class names from location [META-INF/spring.factories]: [org.springframework.boot.test.autoconfigure.restdocs.RestDocsTestExecutionListener, org.springframework.boot.test.autoconfigure.web.client.MockRestServiceServerResetTestExecutionListener, org.springframework.boot.test.autoconfigure.web.servlet.MockMvcPrintOnlyOnFailureTestExecutionListener, org.springframework.boot.test.autoconfigure.web.servlet.WebDriverTestExecutionListener, org.springframework.boot.test.mock.mockito.MockitoTestExecutionListener, org.springframework.boot.test.mock.mockito.ResetMocksTestExecutionListener, org.springframework.test.context.web.ServletTestExecutionListener, org.springframework.test.context.support.DirtiesContextBeforeModesTestExecutionListener, org.springframework.test.context.support.DependencyInjectionTestExecutionListener, org.springframework.test.context.support.DirtiesContextTestExecutionListener, org.springframework.test.context.transaction.TransactionalTestExecutionListener, org.springframework.test.context.jdbc.SqlScriptsTestExecutionListener]
[2020-10-22 10:47:06,449] [Test worker] [INFO] [org.springframework.boot.test.context.SpringBootTestContextBootstrapper] [serviceName:web-crawlermatic-service] => Could not instantiate TestExecutionListener [org.springframework.test.context.jdbc.SqlScriptsTestExecutionListener]. Specify custom listener classes or make the default listener classes (and their required dependencies) available. Offending class: [org/springframework/transaction/interceptor/TransactionAttribute]
[2020-10-22 10:47:06,450] [Test worker] [INFO] [org.springframework.boot.test.context.SpringBootTestContextBootstrapper] [serviceName:web-crawlermatic-service] => Could not instantiate TestExecutionListener [org.springframework.test.context.transaction.TransactionalTestExecutionListener]. Specify custom listener classes or make the default listener classes (and their required dependencies) available. Offending class: [org/springframework/transaction/TransactionDefinition]
[2020-10-22 10:47:06,450] [Test worker] [INFO] [org.springframework.boot.test.context.SpringBootTestContextBootstrapper] [serviceName:web-crawlermatic-service] => Using TestExecutionListeners: [org.springframework.test.context.web.ServletTestExecutionListener@b8f8f4, org.springframework.test.context.support.DirtiesContextBeforeModesTestExecutionListener@7462c7c8, org.springframework.boot.test.autoconfigure.SpringBootDependencyInjectionTestExecutionListener@6d388a14, org.springframework.test.context.support.DirtiesContextTestExecutionListener@64d99939, org.springframework.boot.test.autoconfigure.web.client.MockRestServiceServerResetTestExecutionListener@23e1b20e, org.springframework.boot.test.autoconfigure.restdocs.RestDocsTestExecutionListener@415f6d3d, org.springframework.boot.test.autoconfigure.web.servlet.MockMvcPrintOnlyOnFailureTestExecutionListener@689e3728, org.springframework.boot.test.autoconfigure.web.servlet.WebDriverTestExecutionListener@40267b53, org.springframework.boot.test.mock.mockito.MockitoTestExecutionListener@6e79d09b, org.springframework.boot.test.mock.mockito.ResetMocksTestExecutionListener@54757eec]
]]></system-out>
  <system-err><![CDATA[]]></system-err>
</testsuite>
